<?xml version="1.0" encoding="UTF-8"?>
<!-- Generated by org.testng.reporters.JUnitReportReporter -->
<testsuite hostname="DESKTOP-FJF88A9" failures="0" tests="1" name="test.TC011_TestAlert_PopupStyling" time="10.636" errors="0" timestamp="2025-07-06T09:56:04 IST" skipped="0">
  <testcase classname="test.TC011_TestAlert_PopupStyling" name="verify_alerts" time="10.636"/>
</testsuite> <!-- test.TC011_TestAlert_PopupStyling -->
