<?xml version="1.0" encoding="UTF-8"?>
<!-- Generated by org.testng.reporters.JUnitReportReporter -->
<testsuite hostname="DESKTOP-FJF88A9" failures="0" tests="1" name="test.TC010_FontConsistency" time="7.081" errors="0" timestamp="2025-07-06T09:56:04 IST" skipped="0">
  <testcase classname="test.TC010_FontConsistency" name="verify_font" time="7.081"/>
</testsuite> <!-- test.TC010_FontConsistency -->
