<?xml version="1.0" encoding="UTF-8"?>
<!-- Generated by org.testng.reporters.JUnitReportReporter -->
<testsuite hostname="DESKTOP-FJF88A9" failures="0" tests="3" name="test.TC008_UIUXTesting" time="15.203" errors="0" timestamp="2025-07-06T09:54:30 IST" skipped="0">
  <testcase classname="test.TC008_UIUXTesting" name="verify_x" time="3.603"/>
  <testcase classname="test.TC008_UIUXTesting" name="verify_yy" time="7.553"/>
  <testcase classname="test.TC008_UIUXTesting" name="verify_ui" time="4.047"/>
</testsuite> <!-- test.TC008_UIUXTesting -->
