<?xml version="1.0" encoding="UTF-8"?>
<!-- Generated by org.testng.reporters.JUnitReportReporter -->
<testsuite hostname="DESKTOP-FJF88A9" failures="0" tests="2" name="test.TC007_VerifyNavigation" time="8.646" errors="0" timestamp="2025-07-06T09:54:30 IST" skipped="0">
  <testcase classname="test.TC007_VerifyNavigation" name="verify_home" time="3.142"/>
  <testcase classname="test.TC007_VerifyNavigation" name="verify_navg" time="5.504"/>
</testsuite> <!-- test.TC007_VerifyNavigation -->
