<?xml version="1.0" encoding="UTF-8"?>
<!-- Generated by org.testng.reporters.JUnitReportReporter -->
<testsuite hostname="DESKTOP-FJF88A9" failures="0" tests="1" name="test.TC001_SignUpTest" time="1.975" errors="0" timestamp="2025-07-06T10:56:36 IST" skipped="0">
  <testcase classname="test.TC001_SignUpTest" name="verify_validsignup" time="1.975"/>
</testsuite> <!-- test.TC001_SignUpTest -->
