<?xml version="1.0" encoding="UTF-8"?>
<!-- Generated by org.testng.reporters.JUnitReportReporter -->
<testsuite hostname="DESKTOP-FJF88A9" failures="0" tests="1" name="test.TC006_Viewproductdetails" time="4.723" errors="0" timestamp="2025-07-05T09:06:17 IST" skipped="0">
  <testcase classname="test.TC006_Viewproductdetails" name="verify_productDetails" time="4.723"/>
</testsuite> <!-- test.TC006_Viewproductdetails -->
