<?xml version="1.0" encoding="UTF-8"?>
<!-- Generated by org.testng.reporters.JUnitReportReporter -->
<testsuite hostname="DESKTOP-FJF88A9" failures="0" tests="3" name="test.Tryui" time="8.939" errors="0" timestamp="2025-07-02T12:18:10 IST" skipped="0">
  <testcase classname="test.Tryui" name="verify_yy" time="3.817"/>
  <testcase classname="test.Tryui" name="verify_ui" time="2.810"/>
  <testcase classname="test.Tryui" name="verify_x" time="2.312"/>
</testsuite> <!-- test.Tryui -->
