<?xml version="1.0" encoding="UTF-8"?>
<!-- Generated by org.testng.reporters.JUnitReportReporter -->
<testsuite hostname="DESKTOP-FJF88A9" failures="0" tests="3" name="test.TC005_CategoryProducttest" time="52.373" errors="0" timestamp="2025-07-06T09:54:30 IST" skipped="0">
  <testcase classname="test.TC005_CategoryProducttest" name="verify_mobile" time="3.354"/>
  <testcase classname="test.TC005_CategoryProducttest" name="verify_laptop" time="23.319"/>
  <testcase classname="test.TC005_CategoryProducttest" name="verify_Monitors" time="25.700"/>
</testsuite> <!-- test.TC005_CategoryProducttest -->
