<?xml version="1.0" encoding="UTF-8"?>
<!-- Generated by org.testng.reporters.JUnitReportReporter -->
<testsuite hostname="DESKTOP-FJF88A9" failures="0" tests="3" name="test.TC001_SignUpTest" time="5.717" errors="0" timestamp="2025-07-05T09:06:17 IST" skipped="0">
  <testcase classname="test.TC001_SignUpTest" name="verify_validsignup" time="2.338"/>
  <testcase classname="test.TC001_SignUpTest" name="invalid_signup" time="1.851"/>
  <testcase classname="test.TC001_SignUpTest" name="emptyfield_signup" time="1.528"/>
</testsuite> <!-- test.TC001_SignUpTest -->
