<?xml version="1.0" encoding="UTF-8"?>
<!-- Generated by org.testng.reporters.JUnitReportReporter -->
<testsuite hostname="DESKTOP-FJF88A9" failures="0" tests="2" name="test.TC_visibilityofaction" time="22.634" errors="0" timestamp="2025-07-02T16:44:04 IST" skipped="0">
  <testcase classname="test.TC_visibilityofaction" name="verify_visibility" time="8.999"/>
  <testcase classname="test.TC_visibilityofaction" name="visibility1" time="13.635"/>
</testsuite> <!-- test.TC_visibilityofaction -->
