<?xml version="1.0" encoding="UTF-8"?>
<!-- Generated by org.testng.reporters.JUnitReportReporter -->
<testsuite hostname="DESKTOP-FJF88A9" failures="0" tests="1" name="test.TC012_ResponsiveTest" time="5.135" errors="0" timestamp="2025-07-05T09:06:17 IST" skipped="0">
  <testcase classname="test.TC012_ResponsiveTest" name="verify_resolution" time="5.135"/>
</testsuite> <!-- test.TC012_ResponsiveTest -->
