<?xml version="1.0" encoding="UTF-8"?>
<!-- Generated by org.testng.reporters.JUnitReportReporter -->
<testsuite hostname="DESKTOP-FJF88A9" failures="0" tests="2" name="test.TC003_CartFunctionTest" time="37.375" errors="0" timestamp="2025-07-06T09:09:23 IST" skipped="0">
  <testcase classname="test.TC003_CartFunctionTest" name="verify_addtoCart" time="20.546"/>
  <testcase classname="test.TC003_CartFunctionTest" name="verify_addedCart" time="16.829"/>
</testsuite> <!-- test.TC003_CartFunctionTest -->
