<?xml version="1.0" encoding="UTF-8"?>
<!-- Generated by org.testng.reporters.JUnitReportReporter -->
<testsuite hostname="DESKTOP-FJF88A9" failures="0" tests="2" name="test.TC004_PlaceOrder" time="22.798" errors="0" timestamp="2025-07-05T09:06:17 IST" skipped="0">
  <testcase classname="test.TC004_PlaceOrder" name="verify_placeOrder" time="11.669"/>
  <testcase classname="test.TC004_PlaceOrder" name="verify_emptyField" time="11.129"/>
</testsuite> <!-- test.TC004_PlaceOrder -->
