<?xml version="1.0" encoding="UTF-8"?>
<!-- Generated by org.testng.reporters.JUnitReportReporter -->
<testsuite hostname="DESKTOP-FJF88A9" failures="0" tests="2" name="test.TC003_CartFunctionTest" time="41.564" errors="0" timestamp="2025-07-05T09:06:17 IST" skipped="0">
  <testcase classname="test.TC003_CartFunctionTest" name="verify_addtoCart" time="22.338"/>
  <testcase classname="test.TC003_CartFunctionTest" name="verify_addedCart" time="19.226"/>
</testsuite> <!-- test.TC003_CartFunctionTest -->
