<?xml version="1.0" encoding="UTF-8"?>
<!-- Generated by org.testng.reporters.JUnitReportReporter -->
<testsuite hostname="DESKTOP-FJF88A9" failures="0" tests="1" name="test.TC012_ResponsiveTest" time="2.740" errors="0" timestamp="2025-07-06T09:56:04 IST" skipped="0">
  <testcase classname="test.TC012_ResponsiveTest" name="verify_resolution" time="2.740"/>
</testsuite> <!-- test.TC012_ResponsiveTest -->
