<?xml version="1.0" encoding="UTF-8"?>
<!-- Generated by org.testng.reporters.JUnitReportReporter -->
<testsuite hostname="DESKTOP-FJF88A9" failures="0" tests="4" name="test.TC002_LoginTest" time="10.415" errors="0" timestamp="2025-07-06T09:09:23 IST" skipped="0">
  <testcase classname="test.TC002_LoginTest" name="verify_login" time="2.722"/>
  <testcase classname="test.TC002_LoginTest" name="verify_login" time="2.344"/>
  <testcase classname="test.TC002_LoginTest" name="verify_login" time="3.691"/>
  <testcase classname="test.TC002_LoginTest" name="verify_login" time="1.658"/>
</testsuite> <!-- test.TC002_LoginTest -->
