<?xml version="1.0" encoding="UTF-8"?>
<!-- Generated by org.testng.reporters.JUnitReportReporter -->
<testsuite hostname="DESKTOP-FJF88A9" failures="0" tests="1" name="test.TC011_TestAlert_PopupStyling" time="11.184" errors="0" timestamp="2025-07-05T09:06:17 IST" skipped="0">
  <testcase classname="test.TC011_TestAlert_PopupStyling" name="verify_alerts" time="11.184"/>
</testsuite> <!-- test.TC011_TestAlert_PopupStyling -->
