<?xml version="1.0" encoding="UTF-8"?>
<!-- Generated by org.testng.reporters.JUnitReportReporter -->
<testsuite hostname="DESKTOP-FJF88A9" failures="0" tests="3" name="test.TC005_CategoryProducttest" time="51.803" errors="0" timestamp="2025-07-05T09:06:17 IST" skipped="0">
  <testcase classname="test.TC005_CategoryProducttest" name="verify_mobile" time="3.482"/>
  <testcase classname="test.TC005_CategoryProducttest" name="verify_laptop" time="24.138"/>
  <testcase classname="test.TC005_CategoryProducttest" name="verify_Monitors" time="24.183"/>
</testsuite> <!-- test.TC005_CategoryProducttest -->
